[2021-11-28 15:08:29,146] [INFO] [hupc][main.py - line:15] 初始化运行环境!
[2021-11-28 15:08:32,300] [INFO] [hupc][driver.py - line:34] 当前连接的设备: Xiaomi_Mi_10_Pro   设备ID为: 32caf2b1
[2021-11-28 15:08:37,302] [INFO] [hupc][driver.py - line:38] Mi_10_Pro
[2021-11-28 15:08:40,675] [INFO] [hupc][driver.py - line:39] 设备信息:{'currentPackageName': 'com.ss.android.ugc.aweme', 'displayHeight': 2206, 'displayRotation': 0, 'displaySizeDpX': 393, 'displaySizeDpY': 851, 'displayWidth': 1080, 'productName': 'cmi', 'screenOn': True, 'sdkInt': 30, 'naturalOrientation': True}
[2021-11-28 15:08:40,675] [INFO] [hupc][driver.py - line:45] 连接设备:Xiaomi_Mi_10_Pro
[2021-11-28 15:08:40,754] [INFO] [hupc][conftest.py - line:19] 打开APP
[2021-11-28 15:08:42,555] [INFO] [hupc][test_home.py - line:16] 初始化首页模块
[2021-11-28 15:08:42,888] [INFO] [hupc][base.py - line:44] 点击元素:设置
[2021-11-28 15:08:44,502] [INFO] [hupc][home.py - line:24] 从首页进入设置页
[2021-11-28 15:08:45,019] [INFO] [hupc][base.py - line:44] 点击元素:发现页
[2021-11-28 15:08:46,882] [INFO] [hupc][home.py - line:28] 返回发现页
[2021-11-28 15:08:46,882] [INFO] [hupc][test_home.py - line:19] 结束首页模块
[2021-11-28 15:08:46,888] [INFO] [hupc][conftest.py - line:24] 测试完成，关闭app
[2021-11-28 20:20:36,956] [INFO] [hupc][main.py - line:15] 初始化运行环境!
[2021-11-28 20:20:39,912] [INFO] [hupc][driver.py - line:34] 当前连接的设备: Xiaomi_Mi_10_Pro   设备ID为: 32caf2b1
[2021-11-28 20:20:44,918] [INFO] [hupc][driver.py - line:38] Mi_10_Pro
[2021-11-28 20:20:48,216] [INFO] [hupc][driver.py - line:39] 设备信息:{'currentPackageName': 'com.miui.home', 'displayHeight': 2206, 'displayRotation': 0, 'displaySizeDpX': 393, 'displaySizeDpY': 851, 'displayWidth': 1080, 'productName': 'cmi', 'screenOn': True, 'sdkInt': 30, 'naturalOrientation': True}
[2021-11-28 20:20:48,216] [INFO] [hupc][driver.py - line:45] 连接设备:Xiaomi_Mi_10_Pro
[2021-11-28 20:20:48,272] [INFO] [hupc][conftest.py - line:19] 打开APP
[2021-11-28 20:20:50,584] [INFO] [hupc][test_home.py - line:16] 初始化首页模块
[2021-11-28 20:20:51,105] [INFO] [hupc][base.py - line:44] 点击元素:设置
[2021-11-28 20:20:52,709] [WARNING] [hupc][api.py - line:40] [Errno 22] Invalid argument: 'C:\\Users\\86176\\PycharmProjects\\pytest/screenshots/Mi_10_Pro/2021-11-28 20:20:37_设置.png', retrying in 0.5 seconds...
[2021-11-28 20:20:53,624] [WARNING] [hupc][api.py - line:40] [Errno 22] Invalid argument: 'C:\\Users\\86176\\PycharmProjects\\pytest/screenshots/Mi_10_Pro/2021-11-28 20:20:37_设置.png', retrying in 0.6 seconds...
[2021-11-28 20:20:54,628] [WARNING] [hupc][api.py - line:40] [Errno 22] Invalid argument: 'C:\\Users\\86176\\PycharmProjects\\pytest/screenshots/Mi_10_Pro/2021-11-28 20:20:37_设置.png', retrying in 0.7 seconds...
[2021-11-28 20:20:55,727] [WARNING] [hupc][api.py - line:40] [Errno 22] Invalid argument: 'C:\\Users\\86176\\PycharmProjects\\pytest/screenshots/Mi_10_Pro/2021-11-28 20:20:37_设置.png', retrying in 0.7999999999999999 seconds...
[2021-11-28 20:20:57,064] [INFO] [hupc][test_home.py - line:19] 结束首页模块
[2021-11-28 20:20:57,070] [INFO] [hupc][conftest.py - line:24] 测试完成，关闭app
[2021-11-28 20:22:01,906] [INFO] [hupc][main.py - line:15] 初始化运行环境!
[2021-11-28 20:22:04,861] [INFO] [hupc][driver.py - line:34] 当前连接的设备: Xiaomi_Mi_10_Pro   设备ID为: 32caf2b1
[2021-11-28 20:22:09,873] [INFO] [hupc][driver.py - line:38] Mi_10_Pro
[2021-11-28 20:22:13,220] [INFO] [hupc][driver.py - line:39] 设备信息:{'currentPackageName': 'com.miui.home', 'displayHeight': 2206, 'displayRotation': 0, 'displaySizeDpX': 393, 'displaySizeDpY': 851, 'displayWidth': 1080, 'productName': 'cmi', 'screenOn': True, 'sdkInt': 30, 'naturalOrientation': True}
[2021-11-28 20:22:13,220] [INFO] [hupc][driver.py - line:45] 连接设备:Xiaomi_Mi_10_Pro
[2021-11-28 20:22:13,275] [INFO] [hupc][conftest.py - line:19] 打开APP
[2021-11-28 20:22:15,243] [INFO] [hupc][test_home.py - line:16] 初始化首页模块
[2021-11-28 20:22:15,964] [INFO] [hupc][base.py - line:44] 点击元素:设置
[2021-11-28 20:22:17,397] [WARNING] [hupc][api.py - line:40] [Errno 22] Invalid argument: 'C:\\Users\\86176\\PycharmProjects\\pytest/screenshots/Mi_10_Pro/2021-11-28_20:22:02_设置.png', retrying in 0.5 seconds...
[2021-11-28 20:22:18,298] [WARNING] [hupc][api.py - line:40] [Errno 22] Invalid argument: 'C:\\Users\\86176\\PycharmProjects\\pytest/screenshots/Mi_10_Pro/2021-11-28_20:22:02_设置.png', retrying in 0.6 seconds...
[2021-11-28 20:22:19,282] [WARNING] [hupc][api.py - line:40] [Errno 22] Invalid argument: 'C:\\Users\\86176\\PycharmProjects\\pytest/screenshots/Mi_10_Pro/2021-11-28_20:22:02_设置.png', retrying in 0.7 seconds...
[2021-11-28 20:22:20,414] [WARNING] [hupc][api.py - line:40] [Errno 22] Invalid argument: 'C:\\Users\\86176\\PycharmProjects\\pytest/screenshots/Mi_10_Pro/2021-11-28_20:22:02_设置.png', retrying in 0.7999999999999999 seconds...
[2021-11-28 20:22:21,818] [INFO] [hupc][test_home.py - line:19] 结束首页模块
[2021-11-28 20:22:21,824] [INFO] [hupc][conftest.py - line:24] 测试完成，关闭app
[2021-11-28 20:24:47,195] [INFO] [hupc][main.py - line:15] 初始化运行环境!
[2021-11-28 20:24:50,137] [INFO] [hupc][driver.py - line:34] 当前连接的设备: Xiaomi_Mi_10_Pro   设备ID为: 32caf2b1
[2021-11-28 20:24:55,142] [INFO] [hupc][driver.py - line:38] Mi_10_Pro
[2021-11-28 20:24:58,436] [INFO] [hupc][driver.py - line:39] 设备信息:{'currentPackageName': 'com.miui.home', 'displayHeight': 2206, 'displayRotation': 0, 'displaySizeDpX': 393, 'displaySizeDpY': 851, 'displayWidth': 1080, 'productName': 'cmi', 'screenOn': True, 'sdkInt': 30, 'naturalOrientation': True}
[2021-11-28 20:24:58,437] [INFO] [hupc][driver.py - line:45] 连接设备:Xiaomi_Mi_10_Pro
[2021-11-28 20:24:58,500] [INFO] [hupc][conftest.py - line:19] 打开APP
[2021-11-28 20:24:59,683] [INFO] [hupc][test_home.py - line:16] 初始化首页模块
[2021-11-28 20:24:59,996] [INFO] [hupc][base.py - line:44] 点击元素:设置
[2021-11-28 20:25:01,432] [WARNING] [hupc][api.py - line:40] [Errno 22] Invalid argument: 'C:\\Users\\86176\\PycharmProjects\\pytest/screenshots/Mi_10_Pro/2021-11-28_20:24:47_设置.png', retrying in 0.5 seconds...
[2021-11-28 20:25:02,331] [WARNING] [hupc][api.py - line:40] [Errno 22] Invalid argument: 'C:\\Users\\86176\\PycharmProjects\\pytest/screenshots/Mi_10_Pro/2021-11-28_20:24:47_设置.png', retrying in 0.6 seconds...
[2021-11-28 20:25:03,363] [WARNING] [hupc][api.py - line:40] [Errno 22] Invalid argument: 'C:\\Users\\86176\\PycharmProjects\\pytest/screenshots/Mi_10_Pro/2021-11-28_20:24:47_设置.png', retrying in 0.7 seconds...
[2021-11-28 20:25:04,458] [WARNING] [hupc][api.py - line:40] [Errno 22] Invalid argument: 'C:\\Users\\86176\\PycharmProjects\\pytest/screenshots/Mi_10_Pro/2021-11-28_20:24:47_设置.png', retrying in 0.7999999999999999 seconds...
[2021-11-28 20:25:05,833] [INFO] [hupc][test_home.py - line:19] 结束首页模块
[2021-11-28 20:25:05,839] [INFO] [hupc][conftest.py - line:24] 测试完成，关闭app
[2021-11-28 20:36:40,956] [INFO] [hupc][main.py - line:15] 初始化运行环境!
[2021-11-28 20:36:43,895] [INFO] [hupc][driver.py - line:34] 当前连接的设备: Xiaomi_Mi_10_Pro   设备ID为: 32caf2b1
[2021-11-28 20:36:48,900] [INFO] [hupc][driver.py - line:38] Mi_10_Pro
[2021-11-28 20:36:52,229] [INFO] [hupc][driver.py - line:39] 设备信息:{'currentPackageName': 'com.miui.home', 'displayHeight': 2206, 'displayRotation': 0, 'displaySizeDpX': 393, 'displaySizeDpY': 851, 'displayWidth': 1080, 'productName': 'cmi', 'screenOn': True, 'sdkInt': 30, 'naturalOrientation': True}
[2021-11-28 20:36:52,229] [INFO] [hupc][driver.py - line:45] 连接设备:Xiaomi_Mi_10_Pro
[2021-11-28 20:36:52,283] [INFO] [hupc][conftest.py - line:19] 打开APP
[2021-11-28 20:36:52,896] [INFO] [hupc][test_home.py - line:16] 初始化首页模块
[2021-11-28 20:36:53,617] [INFO] [hupc][base.py - line:44] 点击元素:设置
[2021-11-28 20:36:55,033] [INFO] [hupc][home.py - line:24] 从首页进入设置页
[2021-11-28 20:36:55,361] [INFO] [hupc][base.py - line:44] 点击元素:发现页
[2021-11-28 20:36:57,286] [INFO] [hupc][home.py - line:28] 返回发现页
[2021-11-28 20:36:57,286] [INFO] [hupc][test_home.py - line:19] 结束首页模块
[2021-11-28 20:36:57,293] [INFO] [hupc][conftest.py - line:24] 测试完成，关闭app
[2021-11-28 20:43:46,035] [INFO] [hupc][main.py - line:16] 初始化运行环境!
[2021-11-28 20:43:58,276] [INFO] [hupc][main.py - line:16] 初始化运行环境!
[2021-11-28 20:44:01,212] [INFO] [hupc][driver.py - line:34] 当前连接的设备: Xiaomi_Mi_10_Pro   设备ID为: 32caf2b1
[2021-11-28 20:44:06,221] [INFO] [hupc][driver.py - line:36] Mi_10_Pro
[2021-11-28 20:44:09,561] [INFO] [hupc][driver.py - line:37] 设备信息:{'currentPackageName': 'com.miui.home', 'displayHeight': 2206, 'displayRotation': 0, 'displaySizeDpX': 393, 'displaySizeDpY': 851, 'displayWidth': 1080, 'productName': 'cmi', 'screenOn': True, 'sdkInt': 30, 'naturalOrientation': True}
[2021-11-28 20:44:09,615] [INFO] [hupc][conftest.py - line:19] 打开APP
[2021-11-28 20:44:10,411] [INFO] [hupc][test_home.py - line:16] 初始化首页模块
[2021-11-28 20:44:11,229] [INFO] [hupc][base.py - line:44] 点击元素:设置
[2021-11-28 20:44:12,685] [INFO] [hupc][home.py - line:24] 从首页进入设置页
[2021-11-28 20:44:12,978] [INFO] [hupc][base.py - line:44] 点击元素:发现页
[2021-11-28 20:44:14,864] [INFO] [hupc][home.py - line:28] 返回发现页
[2021-11-28 20:44:14,864] [INFO] [hupc][test_home.py - line:19] 结束首页模块
[2021-11-28 20:44:14,869] [INFO] [hupc][conftest.py - line:22] 测试完成，关闭app
[2021-11-28 20:44:53,655] [INFO] [hupc][main.py - line:16] 初始化运行环境!
[2021-11-28 20:44:56,590] [INFO] [hupc][driver.py - line:34] 当前连接的设备: Xiaomi_Mi_10_Pro   设备ID为: 32caf2b1
[2021-11-28 20:45:01,592] [INFO] [hupc][driver.py - line:36] Mi_10_Pro
[2021-11-28 20:45:04,921] [INFO] [hupc][driver.py - line:37] 设备信息:{'currentPackageName': 'com.miui.home', 'displayHeight': 2206, 'displayRotation': 0, 'displaySizeDpX': 393, 'displaySizeDpY': 851, 'displayWidth': 1080, 'productName': 'cmi', 'screenOn': True, 'sdkInt': 30, 'naturalOrientation': True}
[2021-11-28 20:45:04,975] [INFO] [hupc][conftest.py - line:19] 打开APP
[2021-11-28 20:45:05,630] [INFO] [hupc][test_home.py - line:16] 初始化首页模块
[2021-11-28 20:45:06,393] [INFO] [hupc][base.py - line:44] 点击元素:设置
[2021-11-28 20:45:07,835] [INFO] [hupc][home.py - line:24] 从首页进入设置页
[2021-11-28 20:45:08,142] [INFO] [hupc][base.py - line:44] 点击元素:发现页
[2021-11-28 20:45:10,066] [INFO] [hupc][home.py - line:28] 返回发现页
[2021-11-28 20:45:10,066] [INFO] [hupc][test_home.py - line:19] 结束首页模块
[2021-11-28 20:45:10,073] [INFO] [hupc][conftest.py - line:22] 测试完成，关闭app
